2026/04/02 00:04:08 Master poslouchá na :8080
2026/04/02 00:04:09 Uzel zaregistrován: agent01 (http://192.168.0.111:9002)
2026/04/02 00:04:15 💓 Heartbeat [agent01]: CPU 3.0% | RAM 6072/15786 MB (7 Cores volno)
2026/04/02 00:04:20 💓 Heartbeat [agent01]: CPU 14.3% | RAM 6066/15786 MB (6 Cores volno)
2026/04/02 00:04:25 💓 Heartbeat [agent01]: CPU 14.0% | RAM 6070/15786 MB (6 Cores volno)
2026/04/02 00:04:30 💓 Heartbeat [agent01]: CPU 13.8% | RAM 6069/15786 MB (6 Cores volno)
2026/04/02 00:04:35 💓 Heartbeat [agent01]: CPU 3.3% | RAM 6066/15786 MB (7 Cores volno)
2026/04/02 00:04:36 Job job-23940cdd-5354-4868-844b-dcec176588ec dispatched to node agent01
2026/04/02 00:04:38 Job job-23940cdd-5354-4868-844b-dcec176588ec updated to status: done
2026/04/02 00:04:40 💓 Heartbeat [agent01]: CPU 17.3% | RAM 6047/15786 MB (6 Cores volno)
2026/04/02 00:04:45 💓 Heartbeat [agent01]: CPU 16.2% | RAM 6060/15786 MB (6 Cores volno)
2026/04/02 00:04:50 💓 Heartbeat [agent01]: CPU 4.0% | RAM 6066/15786 MB (7 Cores volno)
2026/04/02 00:04:55 💓 Heartbeat [agent01]: CPU 2.9% | RAM 6069/15786 MB (7 Cores volno)
2026/04/02 00:05:00 💓 Heartbeat [agent01]: CPU 3.1% | RAM 6068/15786 MB (7 Cores volno)
2026/04/02 00:05:05 💓 Heartbeat [agent01]: CPU 3.4% | RAM 6065/15786 MB (7 Cores volno)
2026/04/02 00:05:10 💓 Heartbeat [agent01]: CPU 3.8% | RAM 6066/15786 MB (7 Cores volno)
2026/04/02 00:05:15 💓 Heartbeat [agent01]: CPU 2.8% | RAM 6062/15786 MB (7 Cores volno)
2026/04/02 00:05:20 💓 Heartbeat [agent01]: CPU 15.7% | RAM 6064/15786 MB (6 Cores volno)
2026/04/02 00:05:25 💓 Heartbeat [agent01]: CPU 3.4% | RAM 6189/15786 MB (7 Cores volno)
2026/04/02 00:05:30 💓 Heartbeat [agent01]: CPU 3.1% | RAM 6192/15786 MB (7 Cores volno)
2026/04/02 00:05:35 💓 Heartbeat [agent01]: CPU 4.1% | RAM 6189/15786 MB (7 Cores volno)
2026/04/02 00:05:40 💓 Heartbeat [agent01]: CPU 5.5% | RAM 6185/15786 MB (7 Cores volno)
2026/04/02 00:05:45 💓 Heartbeat [agent01]: CPU 3.6% | RAM 6183/15786 MB (7 Cores volno)
2026/04/02 00:05:50 💓 Heartbeat [agent01]: CPU 4.5% | RAM 6187/15786 MB (7 Cores volno)
2026/04/02 00:05:55 💓 Heartbeat [agent01]: CPU 4.5% | RAM 6187/15786 MB (7 Cores volno)
2026/04/02 00:06:00 💓 Heartbeat [agent01]: CPU 5.3% | RAM 6188/15786 MB (7 Cores volno)
2026/04/02 00:06:05 💓 Heartbeat [agent01]: CPU 6.4% | RAM 6186/15786 MB (7 Cores volno)
2026/04/02 00:06:10 💓 Heartbeat [agent01]: CPU 5.7% | RAM 6184/15786 MB (7 Cores volno)
2026/04/02 00:06:15 💓 Heartbeat [agent01]: CPU 14.7% | RAM 6191/15786 MB (6 Cores volno)
2026/04/02 00:06:20 💓 Heartbeat [agent01]: CPU 7.4% | RAM 6187/15786 MB (7 Cores volno)
2026/04/02 00:06:25 💓 Heartbeat [agent01]: CPU 12.7% | RAM 6199/15786 MB (6 Cores volno)
2026/04/02 00:06:30 💓 Heartbeat [agent01]: CPU 24.0% | RAM 6196/15786 MB (6 Cores volno)
2026/04/02 00:06:35 💓 Heartbeat [agent01]: CPU 54.0% | RAM 6530/15786 MB (3 Cores volno)
2026/04/02 00:06:40 💓 Heartbeat [agent01]: CPU 10.0% | RAM 6273/15786 MB (7 Cores volno)
2026/04/02 00:06:45 💓 Heartbeat [agent01]: CPU 9.5% | RAM 6269/15786 MB (7 Cores volno)
2026/04/02 00:06:50 💓 Heartbeat [agent01]: CPU 9.8% | RAM 6263/15786 MB (7 Cores volno)
2026/04/02 00:06:55 💓 Heartbeat [agent01]: CPU 9.4% | RAM 6262/15786 MB (7 Cores volno)
2026/04/02 00:07:00 💓 Heartbeat [agent01]: CPU 3.8% | RAM 6265/15786 MB (7 Cores volno)
2026/04/02 00:07:05 💓 Heartbeat [agent01]: CPU 27.4% | RAM 6261/15786 MB (5 Cores volno)
2026/04/02 00:07:10 💓 Heartbeat [agent01]: CPU 4.1% | RAM 6258/15786 MB (7 Cores volno)
2026/04/02 00:07:15 💓 Heartbeat [agent01]: CPU 9.2% | RAM 6257/15786 MB (7 Cores volno)
2026/04/02 00:07:20 💓 Heartbeat [agent01]: CPU 5.8% | RAM 6255/15786 MB (7 Cores volno)
2026/04/02 00:07:25 💓 Heartbeat [agent01]: CPU 7.8% | RAM 6256/15786 MB (7 Cores volno)
2026/04/02 00:07:30 💓 Heartbeat [agent01]: CPU 6.3% | RAM 6254/15786 MB (7 Cores volno)
2026/04/02 00:07:35 💓 Heartbeat [agent01]: CPU 3.3% | RAM 6839/15786 MB (7 Cores volno)
2026/04/02 00:07:40 💓 Heartbeat [agent01]: CPU 7.3% | RAM 6758/15786 MB (7 Cores volno)
2026/04/02 00:07:45 💓 Heartbeat [agent01]: CPU 10.1% | RAM 6754/15786 MB (7 Cores volno)
2026/04/02 00:07:50 💓 Heartbeat [agent01]: CPU 7.3% | RAM 6753/15786 MB (7 Cores volno)
2026/04/02 00:07:55 💓 Heartbeat [agent01]: CPU 15.3% | RAM 6740/15786 MB (6 Cores volno)
2026/04/02 00:08:00 💓 Heartbeat [agent01]: CPU 10.5% | RAM 6713/15786 MB (7 Cores volno)
2026/04/02 00:08:05 💓 Heartbeat [agent01]: CPU 3.8% | RAM 6710/15786 MB (7 Cores volno)
2026/04/02 00:08:10 💓 Heartbeat [agent01]: CPU 3.6% | RAM 6701/15786 MB (7 Cores volno)
2026/04/02 00:08:15 💓 Heartbeat [agent01]: CPU 15.0% | RAM 6700/15786 MB (6 Cores volno)
2026/04/02 00:08:20 💓 Heartbeat [agent01]: CPU 8.8% | RAM 6694/15786 MB (7 Cores volno)
2026/04/02 00:08:25 💓 Heartbeat [agent01]: CPU 14.0% | RAM 6690/15786 MB (6 Cores volno)
2026/04/02 00:08:30 💓 Heartbeat [agent01]: CPU 14.1% | RAM 6686/15786 MB (6 Cores volno)
2026/04/02 00:08:35 💓 Heartbeat [agent01]: CPU 13.2% | RAM 6687/15786 MB (6 Cores volno)
2026/04/02 00:08:40 💓 Heartbeat [agent01]: CPU 3.8% | RAM 6682/15786 MB (7 Cores volno)
2026/04/02 00:08:45 💓 Heartbeat [agent01]: CPU 2.8% | RAM 6681/15786 MB (7 Cores volno)
2026/04/02 00:08:50 💓 Heartbeat [agent01]: CPU 2.8% | RAM 6678/15786 MB (7 Cores volno)
2026/04/02 00:08:55 💓 Heartbeat [agent01]: CPU 2.8% | RAM 6676/15786 MB (7 Cores volno)
2026/04/02 00:09:00 💓 Heartbeat [agent01]: CPU 3.3% | RAM 6675/15786 MB (7 Cores volno)
2026/04/02 00:09:05 💓 Heartbeat [agent01]: CPU 3.5% | RAM 6676/15786 MB (7 Cores volno)
2026/04/02 00:09:10 💓 Heartbeat [agent01]: CPU 3.1% | RAM 6675/15786 MB (7 Cores volno)
2026/04/02 00:09:15 💓 Heartbeat [agent01]: CPU 3.3% | RAM 6673/15786 MB (7 Cores volno)
2026/04/02 00:09:20 💓 Heartbeat [agent01]: CPU 3.0% | RAM 6669/15786 MB (7 Cores volno)
2026/04/02 00:09:25 💓 Heartbeat [agent01]: CPU 3.0% | RAM 6670/15786 MB (7 Cores volno)
2026/04/02 00:09:30 💓 Heartbeat [agent01]: CPU 2.8% | RAM 6668/15786 MB (7 Cores volno)
2026/04/02 00:09:35 💓 Heartbeat [agent01]: CPU 3.4% | RAM 6669/15786 MB (7 Cores volno)
2026/04/02 00:09:40 💓 Heartbeat [agent01]: CPU 3.4% | RAM 6669/15786 MB (7 Cores volno)
2026/04/02 00:09:45 💓 Heartbeat [agent01]: CPU 11.8% | RAM 6667/15786 MB (7 Cores volno)
2026/04/02 00:09:50 💓 Heartbeat [agent01]: CPU 11.3% | RAM 6659/15786 MB (7 Cores volno)
2026/04/02 00:09:55 💓 Heartbeat [agent01]: CPU 8.3% | RAM 6654/15786 MB (7 Cores volno)
2026/04/02 00:10:00 💓 Heartbeat [agent01]: CPU 10.1% | RAM 6655/15786 MB (7 Cores volno)
2026/04/02 00:10:05 💓 Heartbeat [agent01]: CPU 10.1% | RAM 6658/15786 MB (7 Cores volno)
2026/04/02 00:10:10 💓 Heartbeat [agent01]: CPU 2.6% | RAM 6657/15786 MB (7 Cores volno)
2026/04/02 00:10:15 💓 Heartbeat [agent01]: CPU 14.0% | RAM 6652/15786 MB (6 Cores volno)
2026/04/02 00:10:20 💓 Heartbeat [agent01]: CPU 13.6% | RAM 6651/15786 MB (6 Cores volno)
2026/04/02 00:10:25 💓 Heartbeat [agent01]: CPU 13.2% | RAM 6651/15786 MB (6 Cores volno)
2026/04/02 00:10:30 💓 Heartbeat [agent01]: CPU 13.2% | RAM 6665/15786 MB (6 Cores volno)
2026/04/02 00:10:35 💓 Heartbeat [agent01]: CPU 12.3% | RAM 6667/15786 MB (7 Cores volno)
2026/04/02 00:10:40 💓 Heartbeat [agent01]: CPU 12.1% | RAM 6668/15786 MB (7 Cores volno)
2026/04/02 00:10:45 💓 Heartbeat [agent01]: CPU 11.9% | RAM 6667/15786 MB (7 Cores volno)
2026/04/02 00:10:50 💓 Heartbeat [agent01]: CPU 13.1% | RAM 6668/15786 MB (6 Cores volno)
2026/04/02 00:10:55 💓 Heartbeat [agent01]: CPU 12.9% | RAM 6668/15786 MB (6 Cores volno)
2026/04/02 00:11:00 💓 Heartbeat [agent01]: CPU 12.9% | RAM 6671/15786 MB (6 Cores volno)
2026/04/02 00:11:05 💓 Heartbeat [agent01]: CPU 12.9% | RAM 6673/15786 MB (6 Cores volno)
2026/04/02 00:11:10 💓 Heartbeat [agent01]: CPU 12.2% | RAM 6673/15786 MB (7 Cores volno)
2026/04/02 00:11:15 💓 Heartbeat [agent01]: CPU 12.1% | RAM 6672/15786 MB (7 Cores volno)
2026/04/02 00:11:20 💓 Heartbeat [agent01]: CPU 13.4% | RAM 6674/15786 MB (6 Cores volno)
2026/04/02 00:11:25 💓 Heartbeat [agent01]: CPU 12.5% | RAM 6674/15786 MB (7 Cores volno)
2026/04/02 00:11:30 💓 Heartbeat [agent01]: CPU 12.8% | RAM 6673/15786 MB (6 Cores volno)
2026/04/02 00:11:35 💓 Heartbeat [agent01]: CPU 12.9% | RAM 6671/15786 MB (6 Cores volno)
2026/04/02 00:11:40 💓 Heartbeat [agent01]: CPU 13.2% | RAM 6670/15786 MB (6 Cores volno)
2026/04/02 00:11:45 💓 Heartbeat [agent01]: CPU 13.1% | RAM 6672/15786 MB (6 Cores volno)
2026/04/02 00:11:50 💓 Heartbeat [agent01]: CPU 13.7% | RAM 6670/15786 MB (6 Cores volno)
2026/04/02 00:11:55 💓 Heartbeat [agent01]: CPU 6.3% | RAM 6666/15786 MB (7 Cores volno)
2026/04/02 00:12:00 💓 Heartbeat [agent01]: CPU 6.4% | RAM 6666/15786 MB (7 Cores volno)
2026/04/02 00:12:05 💓 Heartbeat [agent01]: CPU 3.4% | RAM 6665/15786 MB (7 Cores volno)
2026/04/02 00:12:10 💓 Heartbeat [agent01]: CPU 2.9% | RAM 6664/15786 MB (7 Cores volno)
2026/04/02 00:12:15 💓 Heartbeat [agent01]: CPU 2.6% | RAM 6664/15786 MB (7 Cores volno)
2026/04/02 00:12:20 💓 Heartbeat [agent01]: CPU 3.4% | RAM 6664/15786 MB (7 Cores volno)
2026/04/02 00:12:25 💓 Heartbeat [agent01]: CPU 12.1% | RAM 6667/15786 MB (7 Cores volno)
2026/04/02 00:12:30 💓 Heartbeat [agent01]: CPU 6.0% | RAM 6738/15786 MB (7 Cores volno)
2026/04/02 00:12:35 💓 Heartbeat [agent01]: CPU 5.2% | RAM 6723/15786 MB (7 Cores volno)
2026/04/02 00:12:40 💓 Heartbeat [agent01]: CPU 5.2% | RAM 6716/15786 MB (7 Cores volno)
2026/04/02 00:12:45 💓 Heartbeat [agent01]: CPU 3.5% | RAM 6708/15786 MB (7 Cores volno)
2026/04/02 00:12:50 💓 Heartbeat [agent01]: CPU 22.2% | RAM 6715/15786 MB (6 Cores volno)
2026/04/02 00:12:55 💓 Heartbeat [agent01]: CPU 3.0% | RAM 6715/15786 MB (7 Cores volno)
2026/04/02 00:13:00 💓 Heartbeat [agent01]: CPU 3.3% | RAM 6716/15786 MB (7 Cores volno)
2026/04/02 00:13:05 💓 Heartbeat [agent01]: CPU 3.9% | RAM 6716/15786 MB (7 Cores volno)
2026/04/02 00:13:10 💓 Heartbeat [agent01]: CPU 3.0% | RAM 6716/15786 MB (7 Cores volno)
2026/04/02 00:13:15 💓 Heartbeat [agent01]: CPU 2.9% | RAM 6716/15786 MB (7 Cores volno)
2026/04/02 00:13:20 💓 Heartbeat [agent01]: CPU 2.9% | RAM 6715/15786 MB (7 Cores volno)
2026/04/02 00:13:25 💓 Heartbeat [agent01]: CPU 2.9% | RAM 6716/15786 MB (7 Cores volno)
2026/04/02 00:13:30 💓 Heartbeat [agent01]: CPU 3.5% | RAM 6715/15786 MB (7 Cores volno)
